2021-07-11 14:53:47,599 - root - INFO - ** Kedro project hpmlops
2021-07-11 14:53:47,600 - root - INFO - Defined global variable `context`, `session` and `catalog`
2021-07-11 14:54:05,852 - kedro.io.data_catalog - INFO - Loading data from `house_prices` (CSVDataSet)...
2021-07-11 17:55:52,279 - root - INFO - ** Kedro project hpmlops
2021-07-11 17:55:52,284 - kedro.framework.session.store - INFO - `save()` not implemented for `BaseSessionStore`. Skipping the step.
2021-07-11 17:57:32,346 - root - INFO - ** Kedro project hpmlops
2021-07-11 17:57:32,348 - kedro.framework.session.store - INFO - `save()` not implemented for `BaseSessionStore`. Skipping the step.
2021-07-11 17:57:58,494 - root - INFO - ** Kedro project hpmlops
2021-07-11 17:57:58,497 - kedro.framework.session.store - INFO - `save()` not implemented for `BaseSessionStore`. Skipping the step.
2021-07-11 17:58:34,862 - root - INFO - ** Kedro project hpmlops
2021-07-11 17:58:57,891 - kedro.framework.session.store - INFO - `save()` not implemented for `BaseSessionStore`. Skipping the step.
2021-07-11 18:04:04,720 - root - INFO - ** Kedro project hpmlops
2021-07-11 18:04:06,229 - kedro.framework.session.store - INFO - `save()` not implemented for `BaseSessionStore`. Skipping the step.
2021-07-11 18:05:03,824 - root - INFO - ** Kedro project hpmlops
2021-07-11 18:05:05,631 - kedro.io.data_catalog - INFO - Loading data from `house_prices` (CSVDataSet)...
2021-07-11 18:05:05,657 - kedro.io.data_catalog - INFO - Loading data from `parameters` (MemoryDataSet)...
2021-07-11 18:05:05,657 - kedro.pipeline.node - INFO - Running node: outliers_node: remove_outliers([house_prices,parameters]) -> [house_prices_no_outliers]
2021-07-11 18:05:05,660 - kedro.pipeline.node - ERROR - Node `outliers_node: remove_outliers([house_prices,parameters]) -> [house_prices_no_outliers]` failed with error: 
'SalePrice'
2021-07-11 18:05:05,661 - kedro.runner.sequential_runner - WARNING - There are 1 nodes that have not run.
You can resume the pipeline run by adding the following argument to your previous command:

2021-07-11 18:05:05,664 - kedro.framework.session.store - INFO - `save()` not implemented for `BaseSessionStore`. Skipping the step.
2021-07-11 18:07:11,401 - root - INFO - ** Kedro project hpmlops
2021-07-11 18:07:13,095 - kedro.io.data_catalog - INFO - Loading data from `house_prices` (CSVDataSet)...
2021-07-11 18:07:13,117 - kedro.io.data_catalog - INFO - Loading data from `parameters` (MemoryDataSet)...
2021-07-11 18:07:13,117 - kedro.pipeline.node - INFO - Running node: outliers_node: remove_outliers([house_prices,parameters]) -> [house_prices_no_outliers]
2021-07-11 18:07:13,122 - kedro.io.data_catalog - INFO - Saving data to `house_prices_no_outliers` (MemoryDataSet)...
2021-07-11 18:07:13,123 - kedro.runner.sequential_runner - INFO - Completed 1 out of 1 tasks
2021-07-11 18:07:13,124 - kedro.runner.sequential_runner - INFO - Pipeline execution completed successfully.
2021-07-11 18:07:13,124 - kedro.io.data_catalog - INFO - Loading data from `house_prices_no_outliers` (MemoryDataSet)...
2021-07-11 18:07:13,125 - kedro.framework.session.store - INFO - `save()` not implemented for `BaseSessionStore`. Skipping the step.
2021-07-11 18:10:47,767 - root - INFO - ** Kedro project hpmlops
2021-07-11 18:10:49,476 - kedro.io.data_catalog - INFO - Loading data from `house_prices` (CSVDataSet)...
2021-07-11 18:10:49,497 - kedro.io.data_catalog - INFO - Loading data from `parameters` (MemoryDataSet)...
2021-07-11 18:10:49,498 - kedro.pipeline.node - INFO - Running node: outliers_node: remove_outliers([house_prices,parameters]) -> [house_prices_no_outliers]
2021-07-11 18:10:49,503 - kedro.io.data_catalog - INFO - Saving data to `house_prices_no_outliers` (MemoryDataSet)...
2021-07-11 18:10:49,504 - kedro.runner.sequential_runner - INFO - Completed 1 out of 5 tasks
2021-07-11 18:10:49,504 - kedro.io.data_catalog - INFO - Loading data from `house_prices_no_outliers` (MemoryDataSet)...
2021-07-11 18:10:49,505 - kedro.pipeline.node - INFO - Running node: create_target_node: create_target([house_prices_no_outliers]) -> [y_train]
2021-07-11 18:10:49,506 - kedro.io.data_catalog - INFO - Saving data to `y_train` (MemoryDataSet)...
2021-07-11 18:10:49,507 - kedro.runner.sequential_runner - INFO - Completed 2 out of 5 tasks
2021-07-11 18:10:49,507 - kedro.io.data_catalog - INFO - Loading data from `house_prices_no_outliers` (MemoryDataSet)...
2021-07-11 18:10:49,508 - kedro.io.data_catalog - INFO - Loading data from `parameters` (MemoryDataSet)...
2021-07-11 18:10:49,508 - kedro.pipeline.node - INFO - Running node: drop_cols_node: drop_cols([house_prices_no_outliers,parameters]) -> [house_prices_drop]
2021-07-11 18:10:49,510 - kedro.io.data_catalog - INFO - Saving data to `house_prices_drop` (MemoryDataSet)...
2021-07-11 18:10:49,511 - kedro.runner.sequential_runner - INFO - Completed 3 out of 5 tasks
2021-07-11 18:10:49,512 - kedro.io.data_catalog - INFO - Loading data from `house_prices_drop` (MemoryDataSet)...
2021-07-11 18:10:49,513 - kedro.pipeline.node - INFO - Running node: total_sf_node: total_sf([house_prices_drop]) -> [house_prices_clean]
2021-07-11 18:10:50,285 - numexpr.utils - INFO - NumExpr defaulting to 4 threads.
2021-07-11 18:10:50,288 - kedro.io.data_catalog - INFO - Saving data to `house_prices_clean` (MemoryDataSet)...
2021-07-11 18:10:50,290 - kedro.runner.sequential_runner - INFO - Completed 4 out of 5 tasks
2021-07-11 18:10:50,290 - kedro.io.data_catalog - INFO - Loading data from `house_prices_drop` (MemoryDataSet)...
2021-07-11 18:10:50,291 - kedro.io.data_catalog - INFO - Loading data from `parameters` (MemoryDataSet)...
2021-07-11 18:10:50,291 - kedro.pipeline.node - INFO - Running node: fill_na_node: fill_na([house_prices_drop,parameters]) -> [house_prices_no_na]
2021-07-11 18:10:50,386 - kedro.io.data_catalog - INFO - Saving data to `house_prices_no_na` (MemoryDataSet)...
2021-07-11 18:10:50,387 - kedro.runner.sequential_runner - INFO - Completed 5 out of 5 tasks
2021-07-11 18:10:50,387 - kedro.runner.sequential_runner - INFO - Pipeline execution completed successfully.
2021-07-11 18:10:50,387 - kedro.io.data_catalog - INFO - Loading data from `house_prices_clean` (MemoryDataSet)...
2021-07-11 18:10:50,388 - kedro.io.data_catalog - INFO - Loading data from `house_prices_no_na` (MemoryDataSet)...
2021-07-11 18:10:50,389 - kedro.io.data_catalog - INFO - Loading data from `y_train` (MemoryDataSet)...
2021-07-11 18:10:50,390 - kedro.framework.session.store - INFO - `save()` not implemented for `BaseSessionStore`. Skipping the step.
2021-07-11 18:15:40,633 - root - INFO - ** Kedro project hpmlops
2021-07-11 18:15:42,456 - kedro.framework.session.store - INFO - `save()` not implemented for `BaseSessionStore`. Skipping the step.
2021-07-11 18:16:02,604 - root - INFO - ** Kedro project hpmlops
2021-07-11 18:16:04,270 - kedro.framework.session.store - INFO - `save()` not implemented for `BaseSessionStore`. Skipping the step.
2021-07-11 18:16:35,841 - root - INFO - ** Kedro project hpmlops
2021-07-11 18:16:37,479 - kedro.io.data_catalog - INFO - Loading data from `house_prices` (CSVDataSet)...
2021-07-11 18:16:37,501 - kedro.io.data_catalog - INFO - Loading data from `parameters` (MemoryDataSet)...
2021-07-11 18:16:37,501 - kedro.pipeline.node - INFO - Running node: outliers_node: remove_outliers([house_prices,parameters]) -> [house_prices_no_outliers]
2021-07-11 18:16:37,506 - kedro.io.data_catalog - INFO - Saving data to `house_prices_no_outliers` (CSVDataSet)...
2021-07-11 18:16:37,551 - kedro.runner.sequential_runner - INFO - Completed 1 out of 5 tasks
2021-07-11 18:16:37,552 - kedro.io.data_catalog - INFO - Loading data from `house_prices_no_outliers` (CSVDataSet)...
2021-07-11 18:16:37,571 - kedro.pipeline.node - INFO - Running node: create_target_node: create_target([house_prices_no_outliers]) -> [y_train]
2021-07-11 18:16:37,572 - kedro.io.data_catalog - INFO - Saving data to `y_train` (MemoryDataSet)...
2021-07-11 18:16:37,572 - kedro.runner.sequential_runner - INFO - Completed 2 out of 5 tasks
2021-07-11 18:16:37,573 - kedro.io.data_catalog - INFO - Loading data from `house_prices_no_outliers` (CSVDataSet)...
2021-07-11 18:16:37,595 - kedro.io.data_catalog - INFO - Loading data from `parameters` (MemoryDataSet)...
2021-07-11 18:16:37,595 - kedro.pipeline.node - INFO - Running node: drop_cols_node: drop_cols([house_prices_no_outliers,parameters]) -> [house_prices_drop]
2021-07-11 18:16:37,598 - kedro.io.data_catalog - INFO - Saving data to `house_prices_drop` (MemoryDataSet)...
2021-07-11 18:16:37,600 - kedro.runner.sequential_runner - INFO - Completed 3 out of 5 tasks
2021-07-11 18:16:37,600 - kedro.io.data_catalog - INFO - Loading data from `house_prices_drop` (MemoryDataSet)...
2021-07-11 18:16:37,601 - kedro.pipeline.node - INFO - Running node: total_sf_node: total_sf([house_prices_drop]) -> [house_prices_clean]
2021-07-11 18:16:37,617 - numexpr.utils - INFO - NumExpr defaulting to 4 threads.
2021-07-11 18:16:37,620 - kedro.io.data_catalog - INFO - Saving data to `house_prices_clean` (MemoryDataSet)...
2021-07-11 18:16:37,622 - kedro.runner.sequential_runner - INFO - Completed 4 out of 5 tasks
2021-07-11 18:16:37,623 - kedro.io.data_catalog - INFO - Loading data from `house_prices_drop` (MemoryDataSet)...
2021-07-11 18:16:37,623 - kedro.io.data_catalog - INFO - Loading data from `parameters` (MemoryDataSet)...
2021-07-11 18:16:37,624 - kedro.pipeline.node - INFO - Running node: fill_na_node: fill_na([house_prices_drop,parameters]) -> [house_prices_no_na]
2021-07-11 18:16:37,720 - kedro.io.data_catalog - INFO - Saving data to `house_prices_no_na` (MemoryDataSet)...
2021-07-11 18:16:37,722 - kedro.runner.sequential_runner - INFO - Completed 5 out of 5 tasks
2021-07-11 18:16:37,722 - kedro.runner.sequential_runner - INFO - Pipeline execution completed successfully.
2021-07-11 18:16:37,722 - kedro.io.data_catalog - INFO - Loading data from `house_prices_clean` (MemoryDataSet)...
2021-07-11 18:16:37,723 - kedro.io.data_catalog - INFO - Loading data from `house_prices_no_na` (MemoryDataSet)...
2021-07-11 18:16:37,724 - kedro.io.data_catalog - INFO - Loading data from `y_train` (MemoryDataSet)...
2021-07-11 18:16:37,725 - kedro.framework.session.store - INFO - `save()` not implemented for `BaseSessionStore`. Skipping the step.
2021-07-11 18:40:17,081 - root - INFO - ** Kedro project hpmlops
2021-07-11 18:40:18,812 - kedro.io.data_catalog - INFO - Loading data from `house_prices` (CSVDataSet)...
2021-07-11 18:40:18,834 - kedro.io.data_catalog - INFO - Loading data from `parameters` (MemoryDataSet)...
2021-07-11 18:40:18,835 - kedro.pipeline.node - INFO - Running node: outliers_node: remove_outliers([house_prices,parameters]) -> [house_prices_no_outliers]
2021-07-11 18:40:18,840 - kedro.io.data_catalog - INFO - Saving data to `house_prices_no_outliers` (CSVDataSet)...
2021-07-11 18:40:18,884 - kedro.runner.sequential_runner - INFO - Completed 1 out of 5 tasks
2021-07-11 18:40:18,885 - kedro.io.data_catalog - INFO - Loading data from `house_prices_no_outliers` (CSVDataSet)...
2021-07-11 18:40:18,904 - kedro.io.data_catalog - INFO - Loading data from `parameters` (MemoryDataSet)...
2021-07-11 18:40:18,905 - kedro.pipeline.node - INFO - Running node: drop_cols_node: drop_cols([house_prices_no_outliers,parameters]) -> [house_prices_drop]
2021-07-11 18:40:18,906 - kedro.io.data_catalog - INFO - Saving data to `house_prices_drop` (CSVDataSet)...
2021-07-11 18:40:18,941 - kedro.runner.sequential_runner - INFO - Completed 2 out of 5 tasks
2021-07-11 18:40:18,941 - kedro.io.data_catalog - INFO - Loading data from `house_prices_no_outliers` (CSVDataSet)...
2021-07-11 18:40:18,966 - kedro.pipeline.node - INFO - Running node: create_target_node: create_target([house_prices_no_outliers]) -> [y_train]
2021-07-11 18:40:18,967 - kedro.io.data_catalog - INFO - Saving data to `y_train` (CSVDataSet)...
2021-07-11 18:40:18,974 - kedro.runner.sequential_runner - INFO - Completed 3 out of 5 tasks
2021-07-11 18:40:18,974 - kedro.io.data_catalog - INFO - Loading data from `house_prices_drop` (CSVDataSet)...
2021-07-11 18:40:18,994 - kedro.pipeline.node - INFO - Running node: total_sf_node: total_sf([house_prices_drop]) -> [house_prices_clean]
2021-07-11 18:40:19,008 - numexpr.utils - INFO - NumExpr defaulting to 4 threads.
2021-07-11 18:40:19,010 - kedro.io.data_catalog - INFO - Saving data to `house_prices_clean` (CSVDataSet)...
2021-07-11 18:40:19,045 - kedro.runner.sequential_runner - INFO - Completed 4 out of 5 tasks
2021-07-11 18:40:19,046 - kedro.io.data_catalog - INFO - Loading data from `house_prices_drop` (CSVDataSet)...
2021-07-11 18:40:19,069 - kedro.io.data_catalog - INFO - Loading data from `parameters` (MemoryDataSet)...
2021-07-11 18:40:19,070 - kedro.pipeline.node - INFO - Running node: fill_na_node: fill_na([house_prices_drop,parameters]) -> [house_prices_no_na]
2021-07-11 18:40:19,169 - kedro.io.data_catalog - INFO - Saving data to `house_prices_no_na` (CSVDataSet)...
2021-07-11 18:40:19,243 - kedro.runner.sequential_runner - INFO - Completed 5 out of 5 tasks
2021-07-11 18:40:19,243 - kedro.runner.sequential_runner - INFO - Pipeline execution completed successfully.
2021-07-11 18:40:19,244 - kedro.framework.session.store - INFO - `save()` not implemented for `BaseSessionStore`. Skipping the step.
2021-08-14 19:50:58,701 - root - INFO - ** Kedro project hpmlops
2021-08-14 19:51:17,174 - kedro.io.data_catalog - INFO - Loading data from `house_prices` (CSVDataSet)...
2021-08-14 19:51:17,199 - kedro.io.data_catalog - INFO - Loading data from `parameters` (MemoryDataSet)...
2021-08-14 19:51:17,200 - kedro.pipeline.node - INFO - Running node: outliers_node: remove_outliers([house_prices,parameters]) -> [house_prices_no_outliers]
2021-08-14 19:51:17,204 - kedro.io.data_catalog - INFO - Saving data to `house_prices_no_outliers` (CSVDataSet)...
2021-08-14 19:51:17,242 - kedro.runner.sequential_runner - INFO - Completed 1 out of 5 tasks
2021-08-14 19:51:17,243 - kedro.io.data_catalog - INFO - Loading data from `house_prices_no_outliers` (CSVDataSet)...
2021-08-14 19:51:17,263 - kedro.io.data_catalog - INFO - Loading data from `parameters` (MemoryDataSet)...
2021-08-14 19:51:17,263 - kedro.pipeline.node - INFO - Running node: drop_cols_node: drop_cols([house_prices_no_outliers,parameters]) -> [house_prices_drop]
2021-08-14 19:51:17,265 - kedro.io.data_catalog - INFO - Saving data to `house_prices_drop` (CSVDataSet)...
2021-08-14 19:51:17,306 - kedro.runner.sequential_runner - INFO - Completed 2 out of 5 tasks
2021-08-14 19:51:17,307 - kedro.io.data_catalog - INFO - Loading data from `house_prices_no_outliers` (CSVDataSet)...
2021-08-14 19:51:17,327 - kedro.pipeline.node - INFO - Running node: create_target_node: create_target([house_prices_no_outliers]) -> [y_train]
2021-08-14 19:51:17,328 - kedro.io.data_catalog - INFO - Saving data to `y_train` (CSVDataSet)...
2021-08-14 19:51:17,336 - kedro.runner.sequential_runner - INFO - Completed 3 out of 5 tasks
2021-08-14 19:51:17,337 - kedro.io.data_catalog - INFO - Loading data from `house_prices_drop` (CSVDataSet)...
2021-08-14 19:51:17,358 - kedro.pipeline.node - INFO - Running node: total_sf_node: total_sf([house_prices_drop]) -> [house_prices_clean]
2021-08-14 19:51:17,396 - numexpr.utils - INFO - NumExpr defaulting to 4 threads.
2021-08-14 19:51:17,399 - kedro.io.data_catalog - INFO - Saving data to `house_prices_clean` (CSVDataSet)...
2021-08-14 19:51:17,432 - kedro.runner.sequential_runner - INFO - Completed 4 out of 5 tasks
2021-08-14 19:51:17,432 - kedro.io.data_catalog - INFO - Loading data from `house_prices_drop` (CSVDataSet)...
2021-08-14 19:51:17,455 - kedro.io.data_catalog - INFO - Loading data from `parameters` (MemoryDataSet)...
2021-08-14 19:51:17,455 - kedro.pipeline.node - INFO - Running node: fill_na_node: fill_na([house_prices_drop,parameters]) -> [house_prices_no_na]
2021-08-14 19:51:17,581 - kedro.io.data_catalog - INFO - Saving data to `house_prices_no_na` (CSVDataSet)...
2021-08-14 19:51:17,648 - kedro.runner.sequential_runner - INFO - Completed 5 out of 5 tasks
2021-08-14 19:51:17,648 - kedro.runner.sequential_runner - INFO - Pipeline execution completed successfully.
2021-08-14 19:51:17,648 - kedro.framework.session.store - INFO - `save()` not implemented for `BaseSessionStore`. Skipping the step.
2021-11-10 16:59:33,843 - root - INFO - ** Kedro project hpmlops
2021-11-10 16:59:54,348 - kedro.io.data_catalog - INFO - Loading data from `house_prices` (CSVDataSet)...
2021-11-10 16:59:54,379 - kedro.io.data_catalog - INFO - Loading data from `parameters` (MemoryDataSet)...
2021-11-10 16:59:54,379 - kedro.pipeline.node - INFO - Running node: outliers_node: remove_outliers([house_prices,parameters]) -> [house_prices_no_outliers]
2021-11-10 16:59:54,384 - kedro.io.data_catalog - INFO - Saving data to `house_prices_no_outliers` (CSVDataSet)...
2021-11-10 16:59:54,426 - kedro.runner.sequential_runner - INFO - Completed 1 out of 5 tasks
2021-11-10 16:59:54,426 - kedro.io.data_catalog - INFO - Loading data from `house_prices_no_outliers` (CSVDataSet)...
2021-11-10 16:59:54,449 - kedro.io.data_catalog - INFO - Loading data from `parameters` (MemoryDataSet)...
2021-11-10 16:59:54,450 - kedro.pipeline.node - INFO - Running node: drop_cols_node: drop_cols([house_prices_no_outliers,parameters]) -> [house_prices_drop]
2021-11-10 16:59:54,452 - kedro.io.data_catalog - INFO - Saving data to `house_prices_drop` (CSVDataSet)...
2021-11-10 16:59:54,485 - kedro.runner.sequential_runner - INFO - Completed 2 out of 5 tasks
2021-11-10 16:59:54,486 - kedro.io.data_catalog - INFO - Loading data from `house_prices_no_outliers` (CSVDataSet)...
2021-11-10 16:59:54,506 - kedro.pipeline.node - INFO - Running node: create_target_node: create_target([house_prices_no_outliers]) -> [y_train]
2021-11-10 16:59:54,507 - kedro.io.data_catalog - INFO - Saving data to `y_train` (CSVDataSet)...
2021-11-10 16:59:54,515 - kedro.runner.sequential_runner - INFO - Completed 3 out of 5 tasks
2021-11-10 16:59:54,515 - kedro.io.data_catalog - INFO - Loading data from `house_prices_drop` (CSVDataSet)...
2021-11-10 16:59:54,539 - kedro.io.data_catalog - INFO - Loading data from `parameters` (MemoryDataSet)...
2021-11-10 16:59:54,539 - kedro.pipeline.node - INFO - Running node: fill_na_node: fill_na([house_prices_drop,parameters]) -> [house_prices_no_na]
2021-11-10 16:59:54,664 - kedro.io.data_catalog - INFO - Saving data to `house_prices_no_na` (CSVDataSet)...
2021-11-10 16:59:54,734 - kedro.runner.sequential_runner - INFO - Completed 4 out of 5 tasks
2021-11-10 16:59:54,735 - kedro.io.data_catalog - INFO - Loading data from `house_prices_drop` (CSVDataSet)...
2021-11-10 16:59:54,755 - kedro.pipeline.node - INFO - Running node: total_sf_node: total_sf([house_prices_drop]) -> [house_prices_clean]
2021-11-10 16:59:54,799 - numexpr.utils - INFO - NumExpr defaulting to 4 threads.
2021-11-10 16:59:54,802 - kedro.io.data_catalog - INFO - Saving data to `house_prices_clean` (CSVDataSet)...
2021-11-10 16:59:54,833 - kedro.runner.sequential_runner - INFO - Completed 5 out of 5 tasks
2021-11-10 16:59:54,833 - kedro.runner.sequential_runner - INFO - Pipeline execution completed successfully.
2021-11-10 16:59:54,833 - kedro.framework.session.store - INFO - `save()` not implemented for `BaseSessionStore`. Skipping the step.
2021-11-10 17:00:54,525 - uvicorn.error - INFO - Started server process [41149]
2021-11-10 17:00:54,531 - uvicorn.error - INFO - Waiting for application startup.
2021-11-10 17:00:54,534 - uvicorn.error - INFO - Application startup complete.
2021-11-10 17:00:54,540 - uvicorn.error - INFO - Uvicorn running on http://127.0.0.1:4141 (Press CTRL+C to quit)
2021-11-10 17:34:47,738 - uvicorn.error - INFO - Shutting down
2021-11-10 17:34:47,845 - uvicorn.error - INFO - Waiting for application shutdown.
2021-11-10 17:34:47,848 - kedro_viz.data_access.managers - WARNING - Database connection was unsuccessful
2021-11-10 17:34:47,849 - uvicorn.error - INFO - ASGI 'lifespan' protocol appears unsupported.
2021-11-10 17:34:47,849 - uvicorn.error - INFO - Application shutdown complete.
2021-11-10 17:34:47,849 - uvicorn.error - INFO - Finished server process [41149]
